<?xml version="1.0" encoding="UTF-8"?>
<!-- Generated by org.testng.reporters.JUnitXMLReporter -->
<testsuite ignored="0" hostname="LTIN487732" failures="0" tests="3" name="Test" time="87.526" errors="0" timestamp="2024-03-05T10:25:32 IST">
  <testcase classname="testCases.TC_FindingHospital" name="T001_homepage" time="39.86"/>
  <testcase classname="testCases.TC_FindingHospital" name="TC002_SurgeryList" time="3.365"/>
  <testcase classname="testCases.TC_FindingHospital" name="TC003_Corporates" time="33.103"/>
</testsuite> <!-- Test -->
